<?xml version="1.0" encoding="UTF-8"?>
<!-- Generated by org.testng.reporters.JUnitReportReporter -->
<testsuite skipped="0" hostname="bb-system-3161" name="Runners.TestRunner" tests="1" failures="0" timestamp="2023-05-24T15:52:06 IST" time="30.494" errors="0">
  <testcase name="runScenario" time="30.494" classname="Runners.TestRunner"/>
  <system-out/>
</testsuite> <!-- Runners.TestRunner -->
